0 info it worked if it ends with ok
1 verbose cli [ 'node', '/usr/local/bin/npm', 'install' ]
2 info using npm@1.4.28
3 info using node@v0.10.32
4 verbose readDependencies using package.json deps
5 verbose install where, deps [ '/Users/harbon/Desktop/JSDevelope/AdministratorPlatform',
5 verbose install   [ 'express',
5 verbose install     'body-parser',
5 verbose install     'cookie-parser',
5 verbose install     'morgan',
5 verbose install     'serve-favicon',
5 verbose install     'debug' ] ]
6 info preinstall AdministratorPlatform@0.0.0
7 verbose readDependencies using package.json deps
8 verbose cache add [ 'express@~4.9.0', null ]
9 verbose cache add name=undefined spec="express@~4.9.0" args=["express@~4.9.0",null]
10 verbose parsed url { protocol: null,
10 verbose parsed url   slashes: null,
10 verbose parsed url   auth: null,
10 verbose parsed url   host: null,
10 verbose parsed url   port: null,
10 verbose parsed url   hostname: null,
10 verbose parsed url   hash: null,
10 verbose parsed url   search: null,
10 verbose parsed url   query: null,
10 verbose parsed url   pathname: 'express@~4.9.0',
10 verbose parsed url   path: 'express@~4.9.0',
10 verbose parsed url   href: 'express@~4.9.0' }
11 verbose cache add [ 'body-parser@~1.8.1', null ]
12 verbose cache add name=undefined spec="body-parser@~1.8.1" args=["body-parser@~1.8.1",null]
13 verbose parsed url { protocol: null,
13 verbose parsed url   slashes: null,
13 verbose parsed url   auth: null,
13 verbose parsed url   host: null,
13 verbose parsed url   port: null,
13 verbose parsed url   hostname: null,
13 verbose parsed url   hash: null,
13 verbose parsed url   search: null,
13 verbose parsed url   query: null,
13 verbose parsed url   pathname: 'body-parser@~1.8.1',
13 verbose parsed url   path: 'body-parser@~1.8.1',
13 verbose parsed url   href: 'body-parser@~1.8.1' }
14 verbose cache add [ 'cookie-parser@~1.3.3', null ]
15 verbose cache add name=undefined spec="cookie-parser@~1.3.3" args=["cookie-parser@~1.3.3",null]
16 verbose parsed url { protocol: null,
16 verbose parsed url   slashes: null,
16 verbose parsed url   auth: null,
16 verbose parsed url   host: null,
16 verbose parsed url   port: null,
16 verbose parsed url   hostname: null,
16 verbose parsed url   hash: null,
16 verbose parsed url   search: null,
16 verbose parsed url   query: null,
16 verbose parsed url   pathname: 'cookie-parser@~1.3.3',
16 verbose parsed url   path: 'cookie-parser@~1.3.3',
16 verbose parsed url   href: 'cookie-parser@~1.3.3' }
17 verbose cache add [ 'morgan@~1.3.0', null ]
18 verbose cache add name=undefined spec="morgan@~1.3.0" args=["morgan@~1.3.0",null]
19 verbose parsed url { protocol: null,
19 verbose parsed url   slashes: null,
19 verbose parsed url   auth: null,
19 verbose parsed url   host: null,
19 verbose parsed url   port: null,
19 verbose parsed url   hostname: null,
19 verbose parsed url   hash: null,
19 verbose parsed url   search: null,
19 verbose parsed url   query: null,
19 verbose parsed url   pathname: 'morgan@~1.3.0',
19 verbose parsed url   path: 'morgan@~1.3.0',
19 verbose parsed url   href: 'morgan@~1.3.0' }
20 verbose cache add [ 'serve-favicon@~2.1.3', null ]
21 verbose cache add name=undefined spec="serve-favicon@~2.1.3" args=["serve-favicon@~2.1.3",null]
22 verbose parsed url { protocol: null,
22 verbose parsed url   slashes: null,
22 verbose parsed url   auth: null,
22 verbose parsed url   host: null,
22 verbose parsed url   port: null,
22 verbose parsed url   hostname: null,
22 verbose parsed url   hash: null,
22 verbose parsed url   search: null,
22 verbose parsed url   query: null,
22 verbose parsed url   pathname: 'serve-favicon@~2.1.3',
22 verbose parsed url   path: 'serve-favicon@~2.1.3',
22 verbose parsed url   href: 'serve-favicon@~2.1.3' }
23 verbose cache add [ 'debug@~2.0.0', null ]
24 verbose cache add name=undefined spec="debug@~2.0.0" args=["debug@~2.0.0",null]
25 verbose parsed url { protocol: null,
25 verbose parsed url   slashes: null,
25 verbose parsed url   auth: null,
25 verbose parsed url   host: null,
25 verbose parsed url   port: null,
25 verbose parsed url   hostname: null,
25 verbose parsed url   hash: null,
25 verbose parsed url   search: null,
25 verbose parsed url   query: null,
25 verbose parsed url   pathname: 'debug@~2.0.0',
25 verbose parsed url   path: 'debug@~2.0.0',
25 verbose parsed url   href: 'debug@~2.0.0' }
26 verbose cache add name="express" spec="~4.9.0" args=["express","~4.9.0"]
27 verbose parsed url { protocol: null,
27 verbose parsed url   slashes: null,
27 verbose parsed url   auth: null,
27 verbose parsed url   host: null,
27 verbose parsed url   port: null,
27 verbose parsed url   hostname: null,
27 verbose parsed url   hash: null,
27 verbose parsed url   search: null,
27 verbose parsed url   query: null,
27 verbose parsed url   pathname: '~4.9.0',
27 verbose parsed url   path: '~4.9.0',
27 verbose parsed url   href: '~4.9.0' }
28 verbose addNamed [ 'express', '~4.9.0' ]
29 verbose addNamed [ null, '>=4.9.0-0 <4.10.0-0' ]
30 verbose cache add name="body-parser" spec="~1.8.1" args=["body-parser","~1.8.1"]
31 verbose parsed url { protocol: null,
31 verbose parsed url   slashes: null,
31 verbose parsed url   auth: null,
31 verbose parsed url   host: null,
31 verbose parsed url   port: null,
31 verbose parsed url   hostname: null,
31 verbose parsed url   hash: null,
31 verbose parsed url   search: null,
31 verbose parsed url   query: null,
31 verbose parsed url   pathname: '~1.8.1',
31 verbose parsed url   path: '~1.8.1',
31 verbose parsed url   href: '~1.8.1' }
32 verbose addNamed [ 'body-parser', '~1.8.1' ]
33 verbose addNamed [ null, '>=1.8.1-0 <1.9.0-0' ]
34 verbose cache add name="cookie-parser" spec="~1.3.3" args=["cookie-parser","~1.3.3"]
35 verbose parsed url { protocol: null,
35 verbose parsed url   slashes: null,
35 verbose parsed url   auth: null,
35 verbose parsed url   host: null,
35 verbose parsed url   port: null,
35 verbose parsed url   hostname: null,
35 verbose parsed url   hash: null,
35 verbose parsed url   search: null,
35 verbose parsed url   query: null,
35 verbose parsed url   pathname: '~1.3.3',
35 verbose parsed url   path: '~1.3.3',
35 verbose parsed url   href: '~1.3.3' }
36 verbose addNamed [ 'cookie-parser', '~1.3.3' ]
37 verbose addNamed [ null, '>=1.3.3-0 <1.4.0-0' ]
38 verbose cache add name="morgan" spec="~1.3.0" args=["morgan","~1.3.0"]
39 verbose parsed url { protocol: null,
39 verbose parsed url   slashes: null,
39 verbose parsed url   auth: null,
39 verbose parsed url   host: null,
39 verbose parsed url   port: null,
39 verbose parsed url   hostname: null,
39 verbose parsed url   hash: null,
39 verbose parsed url   search: null,
39 verbose parsed url   query: null,
39 verbose parsed url   pathname: '~1.3.0',
39 verbose parsed url   path: '~1.3.0',
39 verbose parsed url   href: '~1.3.0' }
40 verbose addNamed [ 'morgan', '~1.3.0' ]
41 verbose addNamed [ null, '>=1.3.0-0 <1.4.0-0' ]
42 verbose cache add name="serve-favicon" spec="~2.1.3" args=["serve-favicon","~2.1.3"]
43 verbose parsed url { protocol: null,
43 verbose parsed url   slashes: null,
43 verbose parsed url   auth: null,
43 verbose parsed url   host: null,
43 verbose parsed url   port: null,
43 verbose parsed url   hostname: null,
43 verbose parsed url   hash: null,
43 verbose parsed url   search: null,
43 verbose parsed url   query: null,
43 verbose parsed url   pathname: '~2.1.3',
43 verbose parsed url   path: '~2.1.3',
43 verbose parsed url   href: '~2.1.3' }
44 verbose addNamed [ 'serve-favicon', '~2.1.3' ]
45 verbose addNamed [ null, '>=2.1.3-0 <2.2.0-0' ]
46 verbose cache add name="debug" spec="~2.0.0" args=["debug","~2.0.0"]
47 verbose parsed url { protocol: null,
47 verbose parsed url   slashes: null,
47 verbose parsed url   auth: null,
47 verbose parsed url   host: null,
47 verbose parsed url   port: null,
47 verbose parsed url   hostname: null,
47 verbose parsed url   hash: null,
47 verbose parsed url   search: null,
47 verbose parsed url   query: null,
47 verbose parsed url   pathname: '~2.0.0',
47 verbose parsed url   path: '~2.0.0',
47 verbose parsed url   href: '~2.0.0' }
48 verbose addNamed [ 'debug', '~2.0.0' ]
49 verbose addNamed [ null, '>=2.0.0-0 <2.1.0-0' ]
50 silly lockFile 6ae7fa08-express-4-9-0 express@~4.9.0
51 verbose lock express@~4.9.0 /Users/harbon/.npm/6ae7fa08-express-4-9-0.lock
52 silly lockFile a49948c1-body-parser-1-8-1 body-parser@~1.8.1
53 verbose lock body-parser@~1.8.1 /Users/harbon/.npm/a49948c1-body-parser-1-8-1.lock
54 silly lockFile bf5babd8-cookie-parser-1-3-3 cookie-parser@~1.3.3
55 verbose lock cookie-parser@~1.3.3 /Users/harbon/.npm/bf5babd8-cookie-parser-1-3-3.lock
56 silly lockFile a4a9bdf4-morgan-1-3-0 morgan@~1.3.0
57 verbose lock morgan@~1.3.0 /Users/harbon/.npm/a4a9bdf4-morgan-1-3-0.lock
58 silly lockFile 38295489-serve-favicon-2-1-3 serve-favicon@~2.1.3
59 verbose lock serve-favicon@~2.1.3 /Users/harbon/.npm/38295489-serve-favicon-2-1-3.lock
60 silly lockFile 12b6356d-debug-2-0-0 debug@~2.0.0
61 verbose lock debug@~2.0.0 /Users/harbon/.npm/12b6356d-debug-2-0-0.lock
62 silly addNameRange { name: 'express', range: '>=4.9.0-0 <4.10.0-0', hasData: false }
63 silly addNameRange { name: 'body-parser',
63 silly addNameRange   range: '>=1.8.1-0 <1.9.0-0',
63 silly addNameRange   hasData: false }
64 silly addNameRange { name: 'cookie-parser',
64 silly addNameRange   range: '>=1.3.3-0 <1.4.0-0',
64 silly addNameRange   hasData: false }
65 silly addNameRange { name: 'morgan', range: '>=1.3.0-0 <1.4.0-0', hasData: false }
66 silly addNameRange { name: 'serve-favicon',
66 silly addNameRange   range: '>=2.1.3-0 <2.2.0-0',
66 silly addNameRange   hasData: false }
67 silly addNameRange { name: 'debug', range: '>=2.0.0-0 <2.1.0-0', hasData: false }
68 verbose request where is /body-parser
69 verbose request registry https://registry.npmjs.org/
70 verbose request id a5587f808430bc3a
71 verbose url raw /body-parser
72 verbose url resolving [ 'https://registry.npmjs.org/', './body-parser' ]
73 verbose url resolved https://registry.npmjs.org/body-parser
74 verbose request where is https://registry.npmjs.org/body-parser
75 info trying registry request attempt 1 at 16:33:11
76 http GET https://registry.npmjs.org/body-parser
77 verbose request where is /cookie-parser
78 verbose request registry https://registry.npmjs.org/
79 verbose url raw /cookie-parser
80 verbose url resolving [ 'https://registry.npmjs.org/', './cookie-parser' ]
81 verbose url resolved https://registry.npmjs.org/cookie-parser
82 verbose request where is https://registry.npmjs.org/cookie-parser
83 info trying registry request attempt 1 at 16:33:11
84 http GET https://registry.npmjs.org/cookie-parser
85 verbose request where is /morgan
86 verbose request registry https://registry.npmjs.org/
87 verbose url raw /morgan
88 verbose url resolving [ 'https://registry.npmjs.org/', './morgan' ]
89 verbose url resolved https://registry.npmjs.org/morgan
90 verbose request where is https://registry.npmjs.org/morgan
91 info trying registry request attempt 1 at 16:33:11
92 http GET https://registry.npmjs.org/morgan
93 verbose request where is /serve-favicon
94 verbose request registry https://registry.npmjs.org/
95 verbose url raw /serve-favicon
96 verbose url resolving [ 'https://registry.npmjs.org/', './serve-favicon' ]
97 verbose url resolved https://registry.npmjs.org/serve-favicon
98 verbose request where is https://registry.npmjs.org/serve-favicon
99 info trying registry request attempt 1 at 16:33:11
100 http GET https://registry.npmjs.org/serve-favicon
101 verbose request where is /express
102 verbose request registry https://registry.npmjs.org/
103 verbose url raw /express
104 verbose url resolving [ 'https://registry.npmjs.org/', './express' ]
105 verbose url resolved https://registry.npmjs.org/express
106 verbose request where is https://registry.npmjs.org/express
107 info trying registry request attempt 1 at 16:33:11
108 verbose etag "6GESXL63U36TPWFIRZ6VV5VKK"
109 http GET https://registry.npmjs.org/express
110 verbose request where is /debug
111 verbose request registry https://registry.npmjs.org/
112 verbose url raw /debug
113 verbose url resolving [ 'https://registry.npmjs.org/', './debug' ]
114 verbose url resolved https://registry.npmjs.org/debug
115 verbose request where is https://registry.npmjs.org/debug
116 info trying registry request attempt 1 at 16:33:11
117 verbose etag "73MB79J18PZK39N02U42KQG49"
118 http GET https://registry.npmjs.org/debug
119 http 304 https://registry.npmjs.org/express
120 silly registry.get cb [ 304,
120 silly registry.get   { date: 'Sun, 26 Oct 2014 08:33:12 GMT',
120 silly registry.get     server: 'Apache',
120 silly registry.get     via: '1.1 varnish',
120 silly registry.get     'last-modified': 'Sun, 26 Oct 2014 08:33:12 GMT',
120 silly registry.get     'cache-control': 'max-age=60',
120 silly registry.get     etag: '"6GESXL63U36TPWFIRZ6VV5VKK"',
120 silly registry.get     age: '53',
120 silly registry.get     'x-served-by': 'cache-ty68-TYO',
120 silly registry.get     'x-cache': 'HIT',
120 silly registry.get     'x-cache-hits': '1',
120 silly registry.get     'x-timer': 'S1414312392.339167,VS0,VE1',
120 silly registry.get     vary: 'Accept',
120 silly registry.get     'content-length': '0',
120 silly registry.get     'keep-alive': 'timeout=10, max=50',
120 silly registry.get     connection: 'Keep-Alive' } ]
121 verbose etag https://registry.npmjs.org/express from cache
122 silly addNameRange number 2 { name: 'express', range: '>=4.9.0-0 <4.10.0-0', hasData: true }
123 silly addNameRange versions [ 'express',
123 silly addNameRange   [ '0.14.0',
123 silly addNameRange     '0.14.1',
123 silly addNameRange     '1.0.0',
123 silly addNameRange     '1.0.1',
123 silly addNameRange     '1.0.2',
123 silly addNameRange     '1.0.3',
123 silly addNameRange     '1.0.4',
123 silly addNameRange     '1.0.5',
123 silly addNameRange     '1.0.6',
123 silly addNameRange     '1.0.7',
123 silly addNameRange     '1.0.8',
123 silly addNameRange     '2.0.0',
123 silly addNameRange     '2.1.0',
123 silly addNameRange     '2.1.1',
123 silly addNameRange     '2.2.0',
123 silly addNameRange     '2.2.1',
123 silly addNameRange     '2.2.2',
123 silly addNameRange     '2.3.0',
123 silly addNameRange     '2.3.1',
123 silly addNameRange     '2.3.2',
123 silly addNameRange     '2.3.3',
123 silly addNameRange     '2.3.4',
123 silly addNameRange     '2.3.5',
123 silly addNameRange     '2.3.6',
123 silly addNameRange     '2.3.7',
123 silly addNameRange     '2.3.8',
123 silly addNameRange     '2.3.9',
123 silly addNameRange     '2.3.10',
123 silly addNameRange     '2.3.11',
123 silly addNameRange     '2.3.12',
123 silly addNameRange     '2.4.0',
123 silly addNameRange     '2.4.1',
123 silly addNameRange     '2.4.2',
123 silly addNameRange     '2.4.3',
123 silly addNameRange     '2.4.4',
123 silly addNameRange     '2.4.5',
123 silly addNameRange     '2.4.6',
123 silly addNameRange     '2.4.7',
123 silly addNameRange     '2.5.0',
123 silly addNameRange     '2.5.1',
123 silly addNameRange     '2.5.2',
123 silly addNameRange     '2.5.3',
123 silly addNameRange     '2.5.4',
123 silly addNameRange     '2.5.5',
123 silly addNameRange     '2.5.6',
123 silly addNameRange     '2.5.7',
123 silly addNameRange     '2.5.8',
123 silly addNameRange     '2.5.9',
123 silly addNameRange     '2.5.10',
123 silly addNameRange     '2.5.11',
123 silly addNameRange     '3.0.0',
123 silly addNameRange     '3.0.1',
123 silly addNameRange     '3.0.2',
123 silly addNameRange     '3.0.3',
123 silly addNameRange     '3.0.4',
123 silly addNameRange     '3.0.5',
123 silly addNameRange     '3.0.6',
123 silly addNameRange     '3.1.0',
123 silly addNameRange     '3.1.1',
123 silly addNameRange     '3.1.2',
123 silly addNameRange     '3.2.0',
123 silly addNameRange     '3.2.1',
123 silly addNameRange     '3.2.2',
123 silly addNameRange     '3.2.3',
123 silly addNameRange     '3.2.4',
123 silly addNameRange     '3.2.5',
123 silly addNameRange     '3.2.6',
123 silly addNameRange     '3.3.0',
123 silly addNameRange     '3.3.1',
123 silly addNameRange     '3.3.2',
123 silly addNameRange     '3.3.3',
123 silly addNameRange     '3.3.4',
123 silly addNameRange     '3.3.5',
123 silly addNameRange     '3.3.6',
123 silly addNameRange     '1.0.0-beta',
123 silly addNameRange     '1.0.0-beta2',
123 silly addNameRange     '1.0.0-rc',
123 silly addNameRange     '1.0.0-rc2',
123 silly addNameRange     '1.0.0-rc3',
123 silly addNameRange     '1.0.0-rc4',
123 silly addNameRange     '2.0.0-beta',
123 silly addNameRange     '2.0.0-beta2',
123 silly addNameRange     '2.0.0-beta3',
123 silly addNameRange     '2.0.0-rc',
123 silly addNameRange     '2.0.0-rc2',
123 silly addNameRange     '2.0.0-rc3',
123 silly addNameRange     '3.0.0-alpha1',
123 silly addNameRange     '3.0.0-alpha2',
123 silly addNameRange     '3.0.0-alpha3',
123 silly addNameRange     '3.0.0-alpha4',
123 silly addNameRange     '3.0.0-alpha5',
123 silly addNameRange     '3.0.0-beta1',
123 silly addNameRange     '3.0.0-beta2',
123 silly addNameRange     '3.0.0-beta3',
123 silly addNameRange     '3.0.0-beta4',
123 silly addNameRange     '3.0.0-beta6',
123 silly addNameRange     '3.0.0-beta7',
123 silly addNameRange     '3.0.0-rc1',
123 silly addNameRange     '3.0.0-rc2',
123 silly addNameRange     '3.0.0-rc3',
123 silly addNameRange     '3.0.0-rc4',
123 silly addNameRange     '3.0.0-rc5',
123 silly addNameRange     '3.3.7',
123 silly addNameRange     '3.3.8',
123 silly addNameRange     '3.4.0',
123 silly addNameRange     '3.4.1',
123 silly addNameRange     '3.4.2',
123 silly addNameRange     '3.4.3',
123 silly addNameRange     '3.4.4',
123 silly addNameRange     '3.4.5',
123 silly addNameRange     '3.4.6',
123 silly addNameRange     '3.4.7',
123 silly addNameRange     '3.4.8',
123 silly addNameRange     '4.0.0-rc1',
123 silly addNameRange     '4.0.0-rc2',
123 silly addNameRange     '3.5.0',
123 silly addNameRange     '4.0.0-rc3',
123 silly addNameRange     '4.0.0-rc4',
123 silly addNameRange     '3.5.1',
123 silly addNameRange     '4.0.0',
123 silly addNameRange     '3.5.2',
123 silly addNameRange     '4.1.0',
123 silly addNameRange     '4.1.1',
123 silly addNameRange     '3.5.3',
123 silly addNameRange     '4.1.2',
123 silly addNameRange     '3.6.0',
123 silly addNameRange     '4.2.0',
123 silly addNameRange     '3.7.0',
123 silly addNameRange     '3.8.0',
123 silly addNameRange     '4.3.0',
123 silly addNameRange     '4.3.1',
123 silly addNameRange     '3.8.1',
123 silly addNameRange     '4.3.2',
123 silly addNameRange     '3.9.0',
123 silly addNameRange     '4.4.0',
123 silly addNameRange     '4.4.1',
123 silly addNameRange     '3.10.0',
123 silly addNameRange     '3.10.1',
123 silly addNameRange     '3.10.2',
123 silly addNameRange     '3.10.3',
123 silly addNameRange     '3.10.4',
123 silly addNameRange     '4.4.2',
123 silly addNameRange     '3.10.5',
123 silly addNameRange     '4.4.3',
123 silly addNameRange     '3.11.0',
123 silly addNameRange     '4.4.4',
123 silly addNameRange     '3.12.0',
123 silly addNameRange     '3.12.1',
123 silly addNameRange     '4.4.5',
123 silly addNameRange     '3.13.0',
123 silly addNameRange     '4.5.0',
123 silly addNameRange     '4.5.1',
123 silly addNameRange     '3.14.0',
123 silly addNameRange     '4.6.0',
123 silly addNameRange     '4.6.1',
123 silly addNameRange     '3.15.0',
123 silly addNameRange     '4.7.0',
123 silly addNameRange     '3.15.1',
123 silly addNameRange     '4.7.1',
123 silly addNameRange     '3.15.2',
123 silly addNameRange     '4.7.2',
123 silly addNameRange     '4.7.3',
123 silly addNameRange     '3.15.3',
123 silly addNameRange     '4.7.4',
123 silly addNameRange     '3.16.0',
123 silly addNameRange     '4.8.0',
123 silly addNameRange     '3.16.1',
123 silly addNameRange     '4.8.1',
123 silly addNameRange     '3.16.2',
123 silly addNameRange     '4.8.2',
123 silly addNameRange     '3.16.3',
123 silly addNameRange     '3.16.4',
123 silly addNameRange     '4.8.3',
123 silly addNameRange     '3.16.5',
123 silly addNameRange     '3.16.6',
123 silly addNameRange     '4.8.4',
123 silly addNameRange     '3.16.7',
123 silly addNameRange     '4.8.5',
123 silly addNameRange     '3.16.8',
123 silly addNameRange     '4.8.6',
123 silly addNameRange     '3.16.9',
123 silly addNameRange     '4.8.7',
123 silly addNameRange     '3.16.10',
123 silly addNameRange     '4.8.8',
123 silly addNameRange     '3.17.0',
123 silly addNameRange     '3.17.1',
123 silly addNameRange     '4.9.0',
123 silly addNameRange     '3.17.2',
123 silly addNameRange     '4.9.1',
123 silly addNameRange     '4.9.2',
123 silly addNameRange     '3.17.3',
123 silly addNameRange     '4.9.3',
123 silly addNameRange     '3.17.4',
123 silly addNameRange     '4.9.4',
123 silly addNameRange     '3.17.5',
123 silly addNameRange     '4.9.5',
123 silly addNameRange     '3.17.6',
123 silly addNameRange     '3.17.7',
123 silly addNameRange     '4.9.6',
123 silly addNameRange     '4.9.7',
123 silly addNameRange     '3.17.8',
123 silly addNameRange     '4.9.8',
123 silly addNameRange     '3.18.0',
123 silly addNameRange     '3.18.1',
123 silly addNameRange     '4.10.0' ] ]
124 verbose addNamed [ 'express', '4.9.8' ]
125 verbose addNamed [ '4.9.8', '4.9.8' ]
126 silly lockFile 3e3a25f6-express-4-9-8 express@4.9.8
127 verbose lock express@4.9.8 /Users/harbon/.npm/3e3a25f6-express-4-9-8.lock
128 silly lockFile 2d7fb097-js-org-express-express-4-9-8-tgz https://registry.npmjs.org/express/-/express-4.9.8.tgz
129 verbose lock https://registry.npmjs.org/express/-/express-4.9.8.tgz /Users/harbon/.npm/2d7fb097-js-org-express-express-4-9-8-tgz.lock
130 verbose addRemoteTarball [ 'https://registry.npmjs.org/express/-/express-4.9.8.tgz',
130 verbose addRemoteTarball   'f360f596baeabbd0e5223b603d6eb578d9d2d10d' ]
131 info retry fetch attempt 1 at 16:33:12
132 verbose fetch to= /var/folders/66/5smv7qc11254p22ct9g_vn200000gn/T/npm-2757-8Cp7VEY7/registry.npmjs.org/express/-/express-4.9.8.tgz
133 http GET https://registry.npmjs.org/express/-/express-4.9.8.tgz
134 http 200 https://registry.npmjs.org/morgan
135 silly registry.get cb [ 200,
135 silly registry.get   { date: 'Sun, 26 Oct 2014 08:33:12 GMT',
135 silly registry.get     server: 'CouchDB/1.5.0 (Erlang OTP/R16B03)',
135 silly registry.get     etag: '"912376T3LDNUY3FPGDWW0LQL9"',
135 silly registry.get     'content-type': 'application/json',
135 silly registry.get     'cache-control': 'max-age=60',
135 silly registry.get     'content-length': '28537',
135 silly registry.get     'accept-ranges': 'bytes',
135 silly registry.get     via: '1.1 varnish',
135 silly registry.get     age: '53',
135 silly registry.get     'x-served-by': 'cache-ty67-TYO',
135 silly registry.get     'x-cache': 'HIT',
135 silly registry.get     'x-cache-hits': '2',
135 silly registry.get     'x-timer': 'S1414312392.306263,VS0,VE0',
135 silly registry.get     vary: 'Accept',
135 silly registry.get     'keep-alive': 'timeout=10, max=50',
135 silly registry.get     connection: 'Keep-Alive' } ]
136 silly addNameRange number 2 { name: 'morgan', range: '>=1.3.0-0 <1.4.0-0', hasData: true }
137 silly addNameRange versions [ 'morgan',
137 silly addNameRange   [ '1.0.0',
137 silly addNameRange     '1.0.1',
137 silly addNameRange     '1.1.0',
137 silly addNameRange     '1.1.1',
137 silly addNameRange     '1.2.0',
137 silly addNameRange     '1.2.1',
137 silly addNameRange     '1.2.2',
137 silly addNameRange     '1.2.3',
137 silly addNameRange     '1.3.0',
137 silly addNameRange     '1.3.1',
137 silly addNameRange     '1.3.2',
137 silly addNameRange     '1.4.0',
137 silly addNameRange     '1.4.1' ] ]
138 verbose addNamed [ 'morgan', '1.3.2' ]
139 verbose addNamed [ '1.3.2', '1.3.2' ]
140 silly lockFile 7e2b41c6-morgan-1-3-2 morgan@1.3.2
141 verbose lock morgan@1.3.2 /Users/harbon/.npm/7e2b41c6-morgan-1-3-2.lock
142 silly lockFile cac8e271-pmjs-org-morgan-morgan-1-3-2-tgz https://registry.npmjs.org/morgan/-/morgan-1.3.2.tgz
143 verbose lock https://registry.npmjs.org/morgan/-/morgan-1.3.2.tgz /Users/harbon/.npm/cac8e271-pmjs-org-morgan-morgan-1-3-2-tgz.lock
144 verbose addRemoteTarball [ 'https://registry.npmjs.org/morgan/-/morgan-1.3.2.tgz',
144 verbose addRemoteTarball   'ac41aa15221ee4e5f2ac843896b6918139a18efd' ]
145 info retry fetch attempt 1 at 16:33:12
146 verbose fetch to= /var/folders/66/5smv7qc11254p22ct9g_vn200000gn/T/npm-2757-8Cp7VEY7/registry.npmjs.org/morgan/-/morgan-1.3.2.tgz
147 http GET https://registry.npmjs.org/morgan/-/morgan-1.3.2.tgz
148 http 304 https://registry.npmjs.org/debug
149 silly registry.get cb [ 304,
149 silly registry.get   { date: 'Sun, 26 Oct 2014 08:33:12 GMT',
149 silly registry.get     server: 'Apache',
149 silly registry.get     via: '1.1 varnish',
149 silly registry.get     'last-modified': 'Sun, 26 Oct 2014 08:33:12 GMT',
149 silly registry.get     'cache-control': 'max-age=60',
149 silly registry.get     etag: '"73MB79J18PZK39N02U42KQG49"',
149 silly registry.get     age: '30',
149 silly registry.get     'x-served-by': 'cache-ty68-TYO',
149 silly registry.get     'x-cache': 'HIT',
149 silly registry.get     'x-cache-hits': '1',
149 silly registry.get     'x-timer': 'S1414312392.608896,VS0,VE0',
149 silly registry.get     vary: 'Accept',
149 silly registry.get     'content-length': '0',
149 silly registry.get     'keep-alive': 'timeout=10, max=49',
149 silly registry.get     connection: 'Keep-Alive' } ]
150 verbose etag https://registry.npmjs.org/debug from cache
151 silly addNameRange number 2 { name: 'debug', range: '>=2.0.0-0 <2.1.0-0', hasData: true }
152 silly addNameRange versions [ 'debug',
152 silly addNameRange   [ '0.0.1',
152 silly addNameRange     '0.1.0',
152 silly addNameRange     '0.2.0',
152 silly addNameRange     '0.3.0',
152 silly addNameRange     '0.4.0',
152 silly addNameRange     '0.4.1',
152 silly addNameRange     '0.5.0',
152 silly addNameRange     '0.6.0',
152 silly addNameRange     '0.7.0',
152 silly addNameRange     '0.7.1',
152 silly addNameRange     '0.7.2',
152 silly addNameRange     '0.7.3',
152 silly addNameRange     '0.7.4',
152 silly addNameRange     '0.8.0',
152 silly addNameRange     '0.8.1',
152 silly addNameRange     '1.0.0',
152 silly addNameRange     '1.0.1',
152 silly addNameRange     '1.0.2',
152 silly addNameRange     '1.0.3',
152 silly addNameRange     '1.0.4',
152 silly addNameRange     '2.0.0',
152 silly addNameRange     '2.1.0' ] ]
153 verbose addNamed [ 'debug', '2.0.0' ]
154 verbose addNamed [ '2.0.0', '2.0.0' ]
155 silly lockFile 095bd820-debug-2-0-0 debug@2.0.0
156 verbose lock debug@2.0.0 /Users/harbon/.npm/095bd820-debug-2-0-0.lock
157 silly lockFile 095bd820-debug-2-0-0 debug@2.0.0
158 silly lockFile 095bd820-debug-2-0-0 debug@2.0.0
159 silly lockFile 12b6356d-debug-2-0-0 debug@~2.0.0
160 silly lockFile 12b6356d-debug-2-0-0 debug@~2.0.0
161 http 200 https://registry.npmjs.org/cookie-parser
162 silly registry.get cb [ 200,
162 silly registry.get   { date: 'Sun, 26 Oct 2014 08:33:12 GMT',
162 silly registry.get     server: 'CouchDB/1.5.0 (Erlang OTP/R16B03)',
162 silly registry.get     etag: '"D2I21Z55J0M83YHA636O1DW9K"',
162 silly registry.get     'content-type': 'application/json',
162 silly registry.get     'cache-control': 'max-age=60',
162 silly registry.get     'content-length': '14080',
162 silly registry.get     'accept-ranges': 'bytes',
162 silly registry.get     via: '1.1 varnish',
162 silly registry.get     age: '52',
162 silly registry.get     'x-served-by': 'cache-ty66-TYO',
162 silly registry.get     'x-cache': 'HIT',
162 silly registry.get     'x-cache-hits': '7',
162 silly registry.get     'x-timer': 'S1414312392.386480,VS0,VE0',
162 silly registry.get     vary: 'Accept',
162 silly registry.get     'keep-alive': 'timeout=10, max=50',
162 silly registry.get     connection: 'Keep-Alive' } ]
163 silly addNameRange number 2 { name: 'cookie-parser',
163 silly addNameRange   range: '>=1.3.3-0 <1.4.0-0',
163 silly addNameRange   hasData: true }
164 silly addNameRange versions [ 'cookie-parser',
164 silly addNameRange   [ '1.0.0',
164 silly addNameRange     '1.0.1',
164 silly addNameRange     '1.1.0',
164 silly addNameRange     '1.2.0',
164 silly addNameRange     '1.3.0',
164 silly addNameRange     '1.3.1',
164 silly addNameRange     '1.3.2',
164 silly addNameRange     '1.3.3' ] ]
165 verbose addNamed [ 'cookie-parser', '1.3.3' ]
166 verbose addNamed [ '1.3.3', '1.3.3' ]
167 silly lockFile 68450bd4-cookie-parser-1-3-3 cookie-parser@1.3.3
168 verbose lock cookie-parser@1.3.3 /Users/harbon/.npm/68450bd4-cookie-parser-1-3-3.lock
169 silly lockFile 864e7377-e-parser-cookie-parser-1-3-3-tgz https://registry.npmjs.org/cookie-parser/-/cookie-parser-1.3.3.tgz
170 verbose lock https://registry.npmjs.org/cookie-parser/-/cookie-parser-1.3.3.tgz /Users/harbon/.npm/864e7377-e-parser-cookie-parser-1-3-3-tgz.lock
171 verbose addRemoteTarball [ 'https://registry.npmjs.org/cookie-parser/-/cookie-parser-1.3.3.tgz',
171 verbose addRemoteTarball   '7e3a2c745f4b460d5a340e578a0baa5d7725fe37' ]
172 info retry fetch attempt 1 at 16:33:12
173 verbose fetch to= /var/folders/66/5smv7qc11254p22ct9g_vn200000gn/T/npm-2757-8Cp7VEY7/registry.npmjs.org/cookie-parser/-/cookie-parser-1.3.3.tgz
174 http GET https://registry.npmjs.org/cookie-parser/-/cookie-parser-1.3.3.tgz
175 http 200 https://registry.npmjs.org/serve-favicon
176 silly registry.get cb [ 200,
176 silly registry.get   { date: 'Sun, 26 Oct 2014 08:33:12 GMT',
176 silly registry.get     server: 'CouchDB/1.5.0 (Erlang OTP/R16B03)',
176 silly registry.get     etag: '"DQNCEOV1TU804V1DNRWACLPFP"',
176 silly registry.get     'content-type': 'application/json',
176 silly registry.get     'cache-control': 'max-age=60',
176 silly registry.get     'content-length': '16887',
176 silly registry.get     'accept-ranges': 'bytes',
176 silly registry.get     via: '1.1 varnish',
176 silly registry.get     age: '53',
176 silly registry.get     'x-served-by': 'cache-ty66-TYO',
176 silly registry.get     'x-cache': 'HIT',
176 silly registry.get     'x-cache-hits': '3',
176 silly registry.get     'x-timer': 'S1414312392.414537,VS0,VE0',
176 silly registry.get     vary: 'Accept',
176 silly registry.get     'keep-alive': 'timeout=10, max=50',
176 silly registry.get     connection: 'Keep-Alive' } ]
177 silly addNameRange number 2 { name: 'serve-favicon',
177 silly addNameRange   range: '>=2.1.3-0 <2.2.0-0',
177 silly addNameRange   hasData: true }
178 silly addNameRange versions [ 'serve-favicon',
178 silly addNameRange   [ '2.0.0',
178 silly addNameRange     '2.0.1',
178 silly addNameRange     '2.1.0',
178 silly addNameRange     '2.1.1',
178 silly addNameRange     '2.1.2',
178 silly addNameRange     '2.1.3',
178 silly addNameRange     '2.1.4',
178 silly addNameRange     '2.1.5',
178 silly addNameRange     '2.1.6' ] ]
179 verbose addNamed [ 'serve-favicon', '2.1.6' ]
180 verbose addNamed [ '2.1.6', '2.1.6' ]
181 silly lockFile 4a3fd20c-serve-favicon-2-1-6 serve-favicon@2.1.6
182 verbose lock serve-favicon@2.1.6 /Users/harbon/.npm/4a3fd20c-serve-favicon-2-1-6.lock
183 silly lockFile 620925dd--favicon-serve-favicon-2-1-6-tgz https://registry.npmjs.org/serve-favicon/-/serve-favicon-2.1.6.tgz
184 verbose lock https://registry.npmjs.org/serve-favicon/-/serve-favicon-2.1.6.tgz /Users/harbon/.npm/620925dd--favicon-serve-favicon-2-1-6-tgz.lock
185 verbose addRemoteTarball [ 'https://registry.npmjs.org/serve-favicon/-/serve-favicon-2.1.6.tgz',
185 verbose addRemoteTarball   '46326a9eb64a0fa5cf012a4f85efe9fda95820e5' ]
186 info retry fetch attempt 1 at 16:33:13
187 verbose fetch to= /var/folders/66/5smv7qc11254p22ct9g_vn200000gn/T/npm-2757-8Cp7VEY7/registry.npmjs.org/serve-favicon/-/serve-favicon-2.1.6.tgz
188 http GET https://registry.npmjs.org/serve-favicon/-/serve-favicon-2.1.6.tgz
189 http 200 https://registry.npmjs.org/body-parser
190 silly registry.get cb [ 200,
190 silly registry.get   { date: 'Sun, 26 Oct 2014 08:33:12 GMT',
190 silly registry.get     server: 'CouchDB/1.5.0 (Erlang OTP/R16B03)',
190 silly registry.get     etag: '"6H78ALJN535B9H0WANI691DPE"',
190 silly registry.get     'content-type': 'application/json',
190 silly registry.get     'cache-control': 'max-age=60',
190 silly registry.get     'content-length': '69568',
190 silly registry.get     'accept-ranges': 'bytes',
190 silly registry.get     via: '1.1 varnish',
190 silly registry.get     age: '53',
190 silly registry.get     'x-served-by': 'cache-ty66-TYO',
190 silly registry.get     'x-cache': 'HIT',
190 silly registry.get     'x-cache-hits': '3',
190 silly registry.get     'x-timer': 'S1414312392.412268,VS0,VE0',
190 silly registry.get     vary: 'Accept',
190 silly registry.get     'keep-alive': 'timeout=10, max=50',
190 silly registry.get     connection: 'Keep-Alive' } ]
191 silly addNameRange number 2 { name: 'body-parser',
191 silly addNameRange   range: '>=1.8.1-0 <1.9.0-0',
191 silly addNameRange   hasData: true }
192 silly addNameRange versions [ 'body-parser',
192 silly addNameRange   [ '1.0.0',
192 silly addNameRange     '1.0.1',
192 silly addNameRange     '1.0.2',
192 silly addNameRange     '1.1.0',
192 silly addNameRange     '1.1.1',
192 silly addNameRange     '1.1.2',
192 silly addNameRange     '1.2.0',
192 silly addNameRange     '1.2.1',
192 silly addNameRange     '1.2.2',
192 silly addNameRange     '1.3.0',
192 silly addNameRange     '1.3.1',
192 silly addNameRange     '1.4.0',
192 silly addNameRange     '1.4.1',
192 silly addNameRange     '1.4.2',
192 silly addNameRange     '1.4.3',
192 silly addNameRange     '1.5.0',
192 silly addNameRange     '1.5.1',
192 silly addNameRange     '1.5.2',
192 silly addNameRange     '1.6.0',
192 silly addNameRange     '1.6.1',
192 silly addNameRange     '1.6.2',
192 silly addNameRange     '1.6.3',
192 silly addNameRange     '1.6.4',
192 silly addNameRange     '1.6.5',
192 silly addNameRange     '1.6.6',
192 silly addNameRange     '1.6.7',
192 silly addNameRange     '1.7.0',
192 silly addNameRange     '1.8.0',
192 silly addNameRange     '1.8.1',
192 silly addNameRange     '1.8.2',
192 silly addNameRange     '1.8.3',
192 silly addNameRange     '1.8.4',
192 silly addNameRange     '1.9.0',
192 silly addNameRange     '1.9.1' ] ]
193 verbose addNamed [ 'body-parser', '1.8.4' ]
194 verbose addNamed [ '1.8.4', '1.8.4' ]
195 silly lockFile 5cba912c-body-parser-1-8-4 body-parser@1.8.4
196 verbose lock body-parser@1.8.4 /Users/harbon/.npm/5cba912c-body-parser-1-8-4.lock
197 silly lockFile 58a51cf2-ody-parser-body-parser-1-8-4-tgz https://registry.npmjs.org/body-parser/-/body-parser-1.8.4.tgz
198 verbose lock https://registry.npmjs.org/body-parser/-/body-parser-1.8.4.tgz /Users/harbon/.npm/58a51cf2-ody-parser-body-parser-1-8-4-tgz.lock
199 verbose addRemoteTarball [ 'https://registry.npmjs.org/body-parser/-/body-parser-1.8.4.tgz',
199 verbose addRemoteTarball   'd497e04bc13b3f9a8bd8c70bb0cdc16f2e028898' ]
200 info retry fetch attempt 1 at 16:33:13
201 verbose fetch to= /var/folders/66/5smv7qc11254p22ct9g_vn200000gn/T/npm-2757-8Cp7VEY7/registry.npmjs.org/body-parser/-/body-parser-1.8.4.tgz
202 http GET https://registry.npmjs.org/body-parser/-/body-parser-1.8.4.tgz
203 http 200 https://registry.npmjs.org/express/-/express-4.9.8.tgz
204 http 200 https://registry.npmjs.org/morgan/-/morgan-1.3.2.tgz
205 silly lockFile cac8e271-pmjs-org-morgan-morgan-1-3-2-tgz https://registry.npmjs.org/morgan/-/morgan-1.3.2.tgz
206 silly lockFile cac8e271-pmjs-org-morgan-morgan-1-3-2-tgz https://registry.npmjs.org/morgan/-/morgan-1.3.2.tgz
207 silly lockFile 7e2b41c6-morgan-1-3-2 morgan@1.3.2
208 silly lockFile 7e2b41c6-morgan-1-3-2 morgan@1.3.2
209 silly lockFile a4a9bdf4-morgan-1-3-0 morgan@~1.3.0
210 silly lockFile a4a9bdf4-morgan-1-3-0 morgan@~1.3.0
211 http 200 https://registry.npmjs.org/cookie-parser/-/cookie-parser-1.3.3.tgz
212 silly lockFile 864e7377-e-parser-cookie-parser-1-3-3-tgz https://registry.npmjs.org/cookie-parser/-/cookie-parser-1.3.3.tgz
213 silly lockFile 864e7377-e-parser-cookie-parser-1-3-3-tgz https://registry.npmjs.org/cookie-parser/-/cookie-parser-1.3.3.tgz
214 silly lockFile 68450bd4-cookie-parser-1-3-3 cookie-parser@1.3.3
215 silly lockFile 68450bd4-cookie-parser-1-3-3 cookie-parser@1.3.3
216 silly lockFile bf5babd8-cookie-parser-1-3-3 cookie-parser@~1.3.3
217 silly lockFile bf5babd8-cookie-parser-1-3-3 cookie-parser@~1.3.3
218 silly lockFile 2d7fb097-js-org-express-express-4-9-8-tgz https://registry.npmjs.org/express/-/express-4.9.8.tgz
219 silly lockFile 2d7fb097-js-org-express-express-4-9-8-tgz https://registry.npmjs.org/express/-/express-4.9.8.tgz
220 silly lockFile 3e3a25f6-express-4-9-8 express@4.9.8
221 silly lockFile 3e3a25f6-express-4-9-8 express@4.9.8
222 silly lockFile 6ae7fa08-express-4-9-0 express@~4.9.0
223 silly lockFile 6ae7fa08-express-4-9-0 express@~4.9.0
224 http 200 https://registry.npmjs.org/serve-favicon/-/serve-favicon-2.1.6.tgz
225 silly lockFile 620925dd--favicon-serve-favicon-2-1-6-tgz https://registry.npmjs.org/serve-favicon/-/serve-favicon-2.1.6.tgz
226 silly lockFile 620925dd--favicon-serve-favicon-2-1-6-tgz https://registry.npmjs.org/serve-favicon/-/serve-favicon-2.1.6.tgz
227 silly lockFile 4a3fd20c-serve-favicon-2-1-6 serve-favicon@2.1.6
228 silly lockFile 4a3fd20c-serve-favicon-2-1-6 serve-favicon@2.1.6
229 silly lockFile 38295489-serve-favicon-2-1-3 serve-favicon@~2.1.3
230 silly lockFile 38295489-serve-favicon-2-1-3 serve-favicon@~2.1.3
231 http 200 https://registry.npmjs.org/body-parser/-/body-parser-1.8.4.tgz
232 silly lockFile 58a51cf2-ody-parser-body-parser-1-8-4-tgz https://registry.npmjs.org/body-parser/-/body-parser-1.8.4.tgz
233 silly lockFile 58a51cf2-ody-parser-body-parser-1-8-4-tgz https://registry.npmjs.org/body-parser/-/body-parser-1.8.4.tgz
234 silly lockFile 5cba912c-body-parser-1-8-4 body-parser@1.8.4
235 silly lockFile 5cba912c-body-parser-1-8-4 body-parser@1.8.4
236 silly lockFile a49948c1-body-parser-1-8-1 body-parser@~1.8.1
237 silly lockFile a49948c1-body-parser-1-8-1 body-parser@~1.8.1
238 error Error: EACCES, mkdir '/Users/harbon/.npm/express/4.9.8'
238 error  { [Error: EACCES, mkdir '/Users/harbon/.npm/express/4.9.8']
238 error   errno: 3,
238 error   code: 'EACCES',
238 error   path: '/Users/harbon/.npm/express/4.9.8',
238 error   parent: 'AdministratorPlatform' }
239 error Please try running this command again as root/Administrator.
240 error System Darwin 13.3.0
241 error command "node" "/usr/local/bin/npm" "install"
242 error cwd /Users/harbon/Desktop/JSDevelope/AdministratorPlatform
243 error node -v v0.10.32
244 error npm -v 1.4.28
245 error path /Users/harbon/.npm/express/4.9.8
246 error code EACCES
247 error errno 3
248 error stack Error: EACCES, mkdir '/Users/harbon/.npm/express/4.9.8'
249 verbose exit [ 3, true ]
